podman build --platform=linux/amd64 -t ghcr.io/knxm/openxm_arch:latest .
STEP 1/28: FROM archlinux:latest
STEP 2/28: RUN pacman -Syu --noconfirm &&     pacman -S --noconfirm --needed     base-devel     clang     llvm     git     wget     texinfo     gnupg     evince     bison     jdk-openjdk     java-runtime-common     texlive-bin     libxaw     ncurses     freeglut
--> Using cache 8c7f96b35234d736a921efa7c2979520a0ec29f68e76e4b93ee9470926dde29a
--> 8c7f96b35234
STEP 3/28: RUN useradd -m builduser &&     echo "builduser ALL=(ALL) NOPASSWD: ALL" >> /etc/sudoers
--> Using cache faaa01755040909170ac6d05079cb3aa3854d604efd9170d2865b74a7c940418
--> faaa01755040
STEP 4/28: WORKDIR /tmp
--> Using cache 43f1d9da6ad15983dc98b09e27a0a04d50d457ee4692b63ec236c4dab194eda7
--> 43f1d9da6ad1
STEP 5/28: RUN git clone https://aur.archlinux.org/yay.git &&     chown -R builduser:builduser /tmp/yay
--> Using cache 928cee4f1df8bf26a99522b29a6744fb6115c100a50e5b01cde126a54c65fd6e
--> 928cee4f1df8
STEP 6/28: WORKDIR /tmp/yay
--> Using cache a5b1ae30b386de9c1e2dfa9c8a158908dcf0ffedfa8b55505f81c3a8a48d1c38
--> a5b1ae30b386
STEP 7/28: USER builduser
--> Using cache 65837bca3eb9ad39784c60e263867442b4010f249764d82151a69bf0bac51a04
--> 65837bca3eb9
STEP 8/28: RUN makepkg -si --noconfirm 
--> Using cache 4f17f4a1ea7337e330e0cf92d16602b3f1086fb0fc2e5ca7f4f2b4777e4f4aa9
--> 4f17f4a1ea73
STEP 9/28: RUN yay -Syu --noconfirm
--> Using cache 23fe00add8fbfb356984a1fe39e6f276a2f492d1169609c65c8b26db226a417f
--> 23fe00add8fb
STEP 10/28: RUN yay -S --noconfirm nkf latex2html texi2html sharutils
--> Using cache 0ca6d25944b50203aa3dd398a2e5b60ca3cb53717996827435f35d23f2e7ded9
--> 0ca6d25944b5
STEP 11/28: USER root
--> Using cache 629930664de9636f3704bd1bde71333bcd5565730275ab40c175f3a4b7d0ab83
--> 629930664de9
STEP 12/28: RUN git clone https://github.com/openxm-org/OpenXM /OpenXM &&     git clone https://github.com/openxm-org/OpenXM_contrib2 /OpenXM_contrib2 
--> Using cache 0141ce320d56bd563f14a5531b837a0385072d4217c3c637dee32d3f4f413de1
--> 0141ce320d56
STEP 13/28: WORKDIR /OpenXM/src
--> Using cache 2b41cdb17d3d95344c00515b49d8820f73d71d62cf1d2cbc6019f6e99c53488e
--> 2b41cdb17d3d
STEP 14/28: ENV PATH="/OpenXM/bin:${PATH}"
--> Using cache 984deea7b3fe1c7ac1881a7fc1337e80d2600a42088c0121c4845ba6479b8dfe
--> 984deea7b3fe
STEP 15/28: ENV CC=clang
--> Using cache 4c6b433087e6d6a2b5f35532e175e03bfdce07da55ca0025223de42b705fd3ed
--> 4c6b433087e6
STEP 16/28: ENV CXX=clang++
--> Using cache db002b296f430d14ffb11ffde39110ecd17650fcdba84247d0c05ccd69a21ec4
--> db002b296f43
STEP 17/28: ENV CFLAGS="-w"
--> Using cache 46aae548ece0a1ac20b745f7d4acb3eb013f86a907e068c99c73060ae964e32f
--> 46aae548ece0
STEP 18/28: RUN CC=clang CXX=clang++ make configure 
--> Using cache 09e9c591885d30b66d6c19d7401fe476af0c3a812ca21a4545d1cb846138d6ba
--> 09e9c591885d
STEP 19/28: RUN CC=clang CXX=clang++ HOST_CC=clang make install
--> Using cache f61edf3479410cdcb027f2dbef77da506e0c6cb2498416f14417de3ccf29bec0
--> f61edf347941
STEP 20/28: WORKDIR /OpenXM/rc
--> Using cache d32a588a04ba93662d2321a940069779c1fbbd10e1597a351a651c6a7432f887
--> d32a588a04ba
STEP 21/28: RUN make CC=clang CXX=clang++ HOST_CC=clang
--> Using cache b99d9648d19f2186d1bb5d758c60d3556d7b297cc71735302590038ace8862f4
--> b99d9648d19f
STEP 22/28: RUN cp openxm /usr/local/bin
--> Using cache c29baa240cbce5c32adc0552446e2beaa56c9e27fcaf06feff0747ec4041ed37
--> c29baa240cbc
STEP 23/28: RUN make && mkdir ~/bin && cp openxm ~/bin
make: Nothing to be done for 'all-scripts'.
--> 5d49d4fc57a1
STEP 24/28: RUN useradd -m -s /bin/bash user
--> 72e7357cde9d
STEP 25/28: USER user
--> e54d61b50bdd
STEP 26/28: WORKDIR /home/user
--> f62ae2c52d7e
STEP 27/28: RUN mkdir -p /home/user/work
--> 296e26f08334
STEP 28/28: CMD ["bash"]
COMMIT ghcr.io/knxm/openxm_arch:latest
--> d6d884932904
Successfully tagged ghcr.io/knxm/openxm_arch:latest
d6d88493290479bf1aa8540ee4cdb314838390387c283031c8f88e4aa99301db
